<?xml version="1.0" encoding="UTF-8"?>
<!-- Generated by org.testng.reporters.JUnitReportReporter -->
<testsuite hostname="LAPTOP-VTO18SLS" failures="0" tests="7" name="com.flipkart.qa.testcases.home" time="33.124" errors="0" timestamp="2024-06-08T12:36:46 IST" skipped="0">
  <testcase classname="com.flipkart.qa.testcases.home" name="capturehrscrollimages" time="14.139"/>
  <system-out/>
  <testcase classname="com.flipkart.qa.testcases.home" name="twowheeler" time="0.301"/>
  <system-out/>
  <testcase classname="com.flipkart.qa.testcases.home" name="Beautytoysandmore" time="6.335"/>
  <system-out/>
  <testcase classname="com.flipkart.qa.testcases.home" name="electronics" time="4.720"/>
  <system-out/>
  <testcase classname="com.flipkart.qa.testcases.home" name="Furnituresandhome" time="4.357"/>
  <system-out/>
  <testcase classname="com.flipkart.qa.testcases.home" name="Fashion" time="2.492"/>
  <system-out/>
  <testcase classname="com.flipkart.qa.testcases.home" name="nodropdowntabs" time="0.780"/>
  <system-out/>
</testsuite> <!-- com.flipkart.qa.testcases.home -->
