<?xml version="1.0" encoding="UTF-8"?>
<!-- Generated by org.testng.reporters.JUnitReportReporter -->
<testsuite hostname="LAPTOP-VTO18SLS" failures="0" tests="1" name="com.flipkart.qa.utilities.loadpropfile" time="0.012" errors="0" timestamp="2024-05-21T13:12:30 IST" skipped="0">
  <testcase classname="com.flipkart.qa.utilities.loadpropfile" name="geturl" time="0.012"/>
  <system-out/>
</testsuite> <!-- com.flipkart.qa.utilities.loadpropfile -->
